<?xml version="1.0" encoding="UTF-8"?>
<!-- Generated by org.testng.reporters.JUnitReportReporter -->
<testsuite skipped="0" hostname="DESKTOP-MT04204" name="MavenDemo.APITest" tests="2" failures="0" timestamp="03 Sep 2019 20:29:18 GMT" time="0.010" errors="0">
  <testcase name="deleteTwitter" time="0.010" classname="MavenDemo.APITest"/>
  <testcase name="postJira" time="0.000" classname="MavenDemo.APITest"/>
</testsuite> <!-- MavenDemo.APITest -->
