<?xml version="1.0" encoding="UTF-8"?>
<!-- Generated by org.testng.reporters.JUnitReportReporter -->
<testsuite skipped="0" hostname="DESKTOP-MT04204" name="MavenDemo.AppiumTest" tests="2" failures="0" timestamp="03 Sep 2019 20:29:18 GMT" time="0.001" errors="0">
  <testcase name="nativeAppAndroid" time="0.001" classname="MavenDemo.AppiumTest"/>
  <testcase name="IOSApp" time="0.000" classname="MavenDemo.AppiumTest"/>
</testsuite> <!-- MavenDemo.AppiumTest -->
