<?xml version="1.0" encoding="UTF-8"?>
<!-- Generated by org.testng.reporters.JUnitReportReporter -->
<testsuite skipped="0" hostname="DESKTOP-MT04204" name="MavenDemo.SeleniumTest" tests="2" failures="0" timestamp="03 Sep 2019 20:29:18 GMT" time="0.000" errors="0">
  <testcase name="BrowserAutomation" time="0.000" classname="MavenDemo.SeleniumTest"/>
  <testcase name="elementsUI" time="0.000" classname="MavenDemo.SeleniumTest"/>
</testsuite> <!-- MavenDemo.SeleniumTest -->
